<?xml version="1.0" encoding="UTF-8"?>
<robot generator="Robot 3.2.2 (Python 3.9.2 on win32)" generated="20210311 16:42:11.768" rpa="false">
<suite id="s1" name="Hepsiburada" source="C:\Users\PaleFace\PycharmProjects\pythonProject\hepsiburada.robot">
<test id="s1-t1" name="Yeni Üye Kaydı">
<kw name="Given automationpractice sitesini ac" library="conf">
<kw name="Open Browser" library="SeleniumLibrary">
<doc>Opens a new browser instance to the optional ``url``.</doc>
<arguments>
<arg>${homepage}</arg>
<arg>${Browser}</arg>
</arguments>
<msg timestamp="20210311 16:42:12.743" level="INFO">Opening browser 'Chrome' to base url 'http://automationpractice.com/'.</msg>
<status status="PASS" starttime="20210311 16:42:12.742" endtime="20210311 16:42:23.296"></status>
</kw>
<kw name="Maximize Browser Window" library="SeleniumLibrary">
<doc>Maximizes current browser window.</doc>
<status status="PASS" starttime="20210311 16:42:23.297" endtime="20210311 16:42:23.561"></status>
</kw>
<kw name="Go To" library="SeleniumLibrary">
<doc>Navigates the current browser window to the provided ``url``.</doc>
<arguments>
<arg>${homepage}</arg>
</arguments>
<msg timestamp="20210311 16:42:23.563" level="INFO">Opening url 'http://automationpractice.com/'</msg>
<status status="PASS" starttime="20210311 16:42:23.562" endtime="20210311 16:42:26.228"></status>
</kw>
<status status="PASS" starttime="20210311 16:42:12.741" endtime="20210311 16:42:26.229"></status>
</kw>
<kw name="And sign in butonuna tıkla" library="conf">
<kw name="Wait Until Element Is Visible" library="SeleniumLibrary">
<doc>Waits until the element ``locator`` is visible.</doc>
<arguments>
<arg>${signin}</arg>
<arg>10</arg>
</arguments>
<status status="PASS" starttime="20210311 16:42:26.231" endtime="20210311 16:42:26.303"></status>
</kw>
<kw name="Click Element" library="SeleniumLibrary">
<doc>Click the element identified by ``locator``.</doc>
<arguments>
<arg>${signin}</arg>
</arguments>
<msg timestamp="20210311 16:42:26.304" level="INFO">Clicking element 'class=login'.</msg>
<status status="PASS" starttime="20210311 16:42:26.303" endtime="20210311 16:42:28.303"></status>
</kw>
<status status="PASS" starttime="20210311 16:42:26.230" endtime="20210311 16:42:28.304"></status>
</kw>
<kw name="And sign in ekranını doğrula" library="conf">
<kw name="Title Should Be" library="SeleniumLibrary">
<doc>Verifies that the current page title equals ``title``.</doc>
<arguments>
<arg>${signin_page_title}</arg>
</arguments>
<msg timestamp="20210311 16:42:28.336" level="INFO">Page title is 'Login - My Store'.</msg>
<status status="PASS" starttime="20210311 16:42:28.308" endtime="20210311 16:42:28.336"></status>
</kw>
<status status="PASS" starttime="20210311 16:42:28.304" endtime="20210311 16:42:28.336"></status>
</kw>
<kw name="And email adresi gir" library="conf">
<kw name="Input Text" library="SeleniumLibrary">
<doc>Types the given ``text`` into the text field identified by ``locator``.</doc>
<arguments>
<arg>${email_element}</arg>
<arg>${email}</arg>
</arguments>
<msg timestamp="20210311 16:42:28.339" level="INFO">Typing text 'a7b0f07758@firemailbox.club' into text field 'id=email_create'.</msg>
<status status="PASS" starttime="20210311 16:42:28.338" endtime="20210311 16:42:28.576"></status>
</kw>
<status status="PASS" starttime="20210311 16:42:28.337" endtime="20210311 16:42:28.576"></status>
</kw>
<kw name="And Create an account butonuna tıkla" library="conf">
<kw name="Click Button" library="SeleniumLibrary">
<doc>Clicks the button identified by ``locator``.</doc>
<arguments>
<arg>${submit}</arg>
</arguments>
<msg timestamp="20210311 16:42:28.579" level="INFO">Clicking button 'id=SubmitCreate'.</msg>
<status status="PASS" starttime="20210311 16:42:28.578" endtime="20210311 16:42:28.717"></status>
</kw>
<status status="PASS" starttime="20210311 16:42:28.577" endtime="20210311 16:42:28.717"></status>
</kw>
<kw name="And personel bilgileri ekranında zorunlu bilgileri doldur" library="conf">
<kw name="Wait Until Page Contains Element" library="SeleniumLibrary">
<doc>Waits until the element ``locator`` appears on the current page.</doc>
<arguments>
<arg>${gender:mr}</arg>
<arg>10</arg>
</arguments>
<status status="PASS" starttime="20210311 16:42:28.718" endtime="20210311 16:42:30.254"></status>
</kw>
<kw name="Click Element" library="SeleniumLibrary">
<doc>Click the element identified by ``locator``.</doc>
<arguments>
<arg>${gender:mr}</arg>
</arguments>
<msg timestamp="20210311 16:42:30.257" level="INFO">Clicking element 'id_gender1'.</msg>
<status status="PASS" starttime="20210311 16:42:30.255" endtime="20210311 16:42:30.437"></status>
</kw>
<kw name="Input Text" library="SeleniumLibrary">
<doc>Types the given ``text`` into the text field identified by ``locator``.</doc>
<arguments>
<arg>${firstname}</arg>
<arg>ad</arg>
</arguments>
<msg timestamp="20210311 16:42:30.438" level="INFO">Typing text 'ad' into text field 'id=customer_firstname'.</msg>
<status status="PASS" starttime="20210311 16:42:30.437" endtime="20210311 16:42:31.046"></status>
</kw>
<kw name="Input Text" library="SeleniumLibrary">
<doc>Types the given ``text`` into the text field identified by ``locator``.</doc>
<arguments>
<arg>${lastname}</arg>
<arg>soyad</arg>
</arguments>
<msg timestamp="20210311 16:42:31.047" level="INFO">Typing text 'soyad' into text field 'id=customer_lastname'.</msg>
<status status="PASS" starttime="20210311 16:42:31.046" endtime="20210311 16:42:31.281"></status>
</kw>
<kw name="Input Text" library="SeleniumLibrary">
<doc>Types the given ``text`` into the text field identified by ``locator``.</doc>
<arguments>
<arg>${pass}</arg>
<arg>passwd</arg>
</arguments>
<msg timestamp="20210311 16:42:31.282" level="INFO">Typing text 'passwd' into text field 'id=passwd'.</msg>
<status status="PASS" starttime="20210311 16:42:31.281" endtime="20210311 16:42:31.504"></status>
</kw>
<kw name="Input Text" library="SeleniumLibrary">
<doc>Types the given ``text`` into the text field identified by ``locator``.</doc>
<arguments>
<arg>${adress}</arg>
<arg>1111sok.No:6-D:6-Maltepe</arg>
</arguments>
<msg timestamp="20210311 16:42:31.505" level="INFO">Typing text '1111sok.No:6-D:6-Maltepe' into text field 'id=address1'.</msg>
<status status="PASS" starttime="20210311 16:42:31.505" endtime="20210311 16:42:31.832"></status>
</kw>
<kw name="Input Text" library="SeleniumLibrary">
<doc>Types the given ``text`` into the text field identified by ``locator``.</doc>
<arguments>
<arg>${city}</arg>
<arg>istanbul</arg>
</arguments>
<msg timestamp="20210311 16:42:31.834" level="INFO">Typing text 'istanbul' into text field 'id=city'.</msg>
<status status="PASS" starttime="20210311 16:42:31.833" endtime="20210311 16:42:32.017"></status>
</kw>
<kw name="Select From List By Index" library="SeleniumLibrary">
<doc>Selects options from selection list ``locator`` by ``indexes``.</doc>
<arguments>
<arg>${state}</arg>
<arg>2</arg>
</arguments>
<msg timestamp="20210311 16:42:32.017" level="INFO">Selecting options from selection list 'id=id_state' by index 2.</msg>
<status status="PASS" starttime="20210311 16:42:32.017" endtime="20210311 16:42:32.206"></status>
</kw>
<kw name="Input Text" library="SeleniumLibrary">
<doc>Types the given ``text`` into the text field identified by ``locator``.</doc>
<arguments>
<arg>${postcode}</arg>
<arg>33333</arg>
</arguments>
<msg timestamp="20210311 16:42:32.207" level="INFO">Typing text '33333' into text field 'id=postcode'.</msg>
<status status="PASS" starttime="20210311 16:42:32.206" endtime="20210311 16:42:32.498"></status>
</kw>
<kw name="Input Text" library="SeleniumLibrary">
<doc>Types the given ``text`` into the text field identified by ``locator``.</doc>
<arguments>
<arg>${phone_mobile}</arg>
<arg>5554443322</arg>
</arguments>
<msg timestamp="20210311 16:42:32.500" level="INFO">Typing text '5554443322' into text field 'id=phone_mobile'.</msg>
<status status="PASS" starttime="20210311 16:42:32.499" endtime="20210311 16:42:32.821"></status>
</kw>
<kw name="Input Text" library="SeleniumLibrary">
<doc>Types the given ``text`` into the text field identified by ``locator``.</doc>
<arguments>
<arg>${adress2}</arg>
<arg>1111sok.No:6-D:6-Maltepe</arg>
</arguments>
<msg timestamp="20210311 16:42:32.823" level="INFO">Typing text '1111sok.No:6-D:6-Maltepe' into text field 'id=alias'.</msg>
<status status="PASS" starttime="20210311 16:42:32.822" endtime="20210311 16:42:33.076"></status>
</kw>
<status status="PASS" starttime="20210311 16:42:28.717" endtime="20210311 16:42:33.076"></status>
</kw>
<kw name="When register butonuna tıkla" library="conf">
<kw name="Click Button" library="SeleniumLibrary">
<doc>Clicks the button identified by ``locator``.</doc>
<arguments>
<arg>${personal_info_submit}</arg>
</arguments>
<msg timestamp="20210311 16:42:33.078" level="INFO">Clicking button 'id=submitAccount'.</msg>
<status status="PASS" starttime="20210311 16:42:33.077" endtime="20210311 16:42:35.521"></status>
</kw>
<status status="PASS" starttime="20210311 16:42:33.077" endtime="20210311 16:42:35.521"></status>
</kw>
<kw name="Then Başarılı üye kaydını doğrula" library="conf">
<kw name="Page Should Contain" library="SeleniumLibrary">
<doc>Verifies that current page contains ``text``.</doc>
<arguments>
<arg>${success_info}</arg>
</arguments>
<msg timestamp="20210311 16:42:35.596" level="INFO">Current page contains text 'Welcome to your account. Here you can manage all of your personal information and orders.'.</msg>
<status status="PASS" starttime="20210311 16:42:35.524" endtime="20210311 16:42:35.596"></status>
</kw>
<status status="PASS" starttime="20210311 16:42:35.522" endtime="20210311 16:42:35.597"></status>
</kw>
<status status="PASS" starttime="20210311 16:42:12.738" endtime="20210311 16:42:35.597" critical="yes"></status>
</test>
<status status="PASS" starttime="20210311 16:42:11.771" endtime="20210311 16:42:35.599"></status>
</suite>
<statistics>
<total>
<stat pass="1" fail="0">Critical Tests</stat>
<stat pass="1" fail="0">All Tests</stat>
</total>
<tag>
</tag>
<suite>
<stat pass="1" fail="0" id="s1" name="Hepsiburada">Hepsiburada</stat>
</suite>
</statistics>
<errors>
</errors>
</robot>
