<?xml version="1.0" encoding="UTF-8"?>
<robot generator="Robot 3.2.2 (Python 3.9.2 on win32)" generated="20210311 17:34:14.204" rpa="false">
<suite id="s1" name="Hepsiburada" source="C:\Users\PaleFace\PycharmProjects\pythonProject\hepsiburada.robot">
<test id="s1-t1" name="New Member Registration">
<kw name="Given Open Automationpractice website" library="conf">
<kw name="Open Browser" library="SeleniumLibrary">
<doc>Opens a new browser instance to the optional ``url``.</doc>
<arguments>
<arg>${homepage}</arg>
<arg>${Browser}</arg>
</arguments>
<msg timestamp="20210311 17:34:15.019" level="INFO">Opening browser 'Firefox' to base url 'http://automationpractice.com/'.</msg>
<msg timestamp="20210311 17:34:15.023" level="INFO">Firefox driver log is always forced to to: C:\Users\PaleFace\PycharmProjects\pythonProject\Results\geckodriver-23.log</msg>
<status status="PASS" starttime="20210311 17:34:15.019" endtime="20210311 17:34:30.576"></status>
</kw>
<kw name="Maximize Browser Window" library="SeleniumLibrary">
<doc>Maximizes current browser window.</doc>
<status status="PASS" starttime="20210311 17:34:30.576" endtime="20210311 17:34:30.835"></status>
</kw>
<kw name="Go To" library="SeleniumLibrary">
<doc>Navigates the current browser window to the provided ``url``.</doc>
<arguments>
<arg>${homepage}</arg>
</arguments>
<msg timestamp="20210311 17:34:30.836" level="INFO">Opening url 'http://automationpractice.com/'</msg>
<status status="PASS" starttime="20210311 17:34:30.836" endtime="20210311 17:34:33.462"></status>
</kw>
<status status="PASS" starttime="20210311 17:34:15.018" endtime="20210311 17:34:33.463"></status>
</kw>
<kw name="And click to signin" library="conf">
<kw name="Wait Until Element Is Visible" library="SeleniumLibrary">
<doc>Waits until the element ``locator`` is visible.</doc>
<arguments>
<arg>${signin}</arg>
<arg>10</arg>
</arguments>
<status status="PASS" starttime="20210311 17:34:33.464" endtime="20210311 17:34:33.581"></status>
</kw>
<kw name="Click Element" library="SeleniumLibrary">
<doc>Click the element identified by ``locator``.</doc>
<arguments>
<arg>${signin}</arg>
</arguments>
<msg timestamp="20210311 17:34:33.582" level="INFO">Clicking element 'class=login'.</msg>
<status status="PASS" starttime="20210311 17:34:33.581" endtime="20210311 17:34:35.609"></status>
</kw>
<status status="PASS" starttime="20210311 17:34:33.463" endtime="20210311 17:34:35.609"></status>
</kw>
<kw name="And verify the login screen" library="conf">
<kw name="Title Should Be" library="SeleniumLibrary">
<doc>Verifies that the current page title equals ``title``.</doc>
<arguments>
<arg>${signin_page_title}</arg>
</arguments>
<msg timestamp="20210311 17:34:35.618" level="INFO">Page title is 'Login - My Store'.</msg>
<status status="PASS" starttime="20210311 17:34:35.610" endtime="20210311 17:34:35.618"></status>
</kw>
<status status="PASS" starttime="20210311 17:34:35.609" endtime="20210311 17:34:35.619"></status>
</kw>
<kw name="And enter your email address" library="conf">
<kw name="Input Text" library="SeleniumLibrary">
<doc>Types the given ``text`` into the text field identified by ``locator``.</doc>
<arguments>
<arg>${email_element}</arg>
<arg>${email}</arg>
</arguments>
<msg timestamp="20210311 17:34:35.622" level="INFO">Typing text '30d9249c11@firemailbox.club' into text field 'id=email_create'.</msg>
<status status="PASS" starttime="20210311 17:34:35.621" endtime="20210311 17:34:35.736"></status>
</kw>
<status status="PASS" starttime="20210311 17:34:35.620" endtime="20210311 17:34:35.737"></status>
</kw>
<kw name="And click to create an account" library="conf">
<kw name="Click Button" library="SeleniumLibrary">
<doc>Clicks the button identified by ``locator``.</doc>
<arguments>
<arg>${submit}</arg>
</arguments>
<msg timestamp="20210311 17:34:35.739" level="INFO">Clicking button 'id=SubmitCreate'.</msg>
<status status="PASS" starttime="20210311 17:34:35.738" endtime="20210311 17:34:36.030"></status>
</kw>
<status status="PASS" starttime="20210311 17:34:35.737" endtime="20210311 17:34:36.030"></status>
</kw>
<kw name="And enter in member informations" library="conf">
<kw name="Wait Until Page Contains Element" library="SeleniumLibrary">
<doc>Waits until the element ``locator`` appears on the current page.</doc>
<arguments>
<arg>${gender:mr}</arg>
<arg>10</arg>
</arguments>
<status status="PASS" starttime="20210311 17:34:36.032" endtime="20210311 17:34:37.310"></status>
</kw>
<kw name="Click Element" library="SeleniumLibrary">
<doc>Click the element identified by ``locator``.</doc>
<arguments>
<arg>${gender:mr}</arg>
</arguments>
<msg timestamp="20210311 17:34:37.311" level="INFO">Clicking element 'id_gender1'.</msg>
<status status="PASS" starttime="20210311 17:34:37.310" endtime="20210311 17:34:37.564"></status>
</kw>
<kw name="Input Text" library="SeleniumLibrary">
<doc>Types the given ``text`` into the text field identified by ``locator``.</doc>
<arguments>
<arg>${firstname}</arg>
<arg>ad</arg>
</arguments>
<msg timestamp="20210311 17:34:37.566" level="INFO">Typing text 'ad' into text field 'id=customer_firstname'.</msg>
<status status="PASS" starttime="20210311 17:34:37.565" endtime="20210311 17:34:37.621"></status>
</kw>
<kw name="Input Text" library="SeleniumLibrary">
<doc>Types the given ``text`` into the text field identified by ``locator``.</doc>
<arguments>
<arg>${lastname}</arg>
<arg>soyad</arg>
</arguments>
<msg timestamp="20210311 17:34:37.624" level="INFO">Typing text 'soyad' into text field 'id=customer_lastname'.</msg>
<status status="PASS" starttime="20210311 17:34:37.622" endtime="20210311 17:34:37.711"></status>
</kw>
<kw name="Input Text" library="SeleniumLibrary">
<doc>Types the given ``text`` into the text field identified by ``locator``.</doc>
<arguments>
<arg>${pass}</arg>
<arg>passwd</arg>
</arguments>
<msg timestamp="20210311 17:34:37.712" level="INFO">Typing text 'passwd' into text field 'id=passwd'.</msg>
<status status="PASS" starttime="20210311 17:34:37.711" endtime="20210311 17:34:37.762"></status>
</kw>
<kw name="Input Text" library="SeleniumLibrary">
<doc>Types the given ``text`` into the text field identified by ``locator``.</doc>
<arguments>
<arg>${adress}</arg>
<arg>1111sok.No:6-D:6-Maltepe</arg>
</arguments>
<msg timestamp="20210311 17:34:37.763" level="INFO">Typing text '1111sok.No:6-D:6-Maltepe' into text field 'id=address1'.</msg>
<status status="PASS" starttime="20210311 17:34:37.762" endtime="20210311 17:34:38.184"></status>
</kw>
<kw name="Input Text" library="SeleniumLibrary">
<doc>Types the given ``text`` into the text field identified by ``locator``.</doc>
<arguments>
<arg>${city}</arg>
<arg>istanbul</arg>
</arguments>
<msg timestamp="20210311 17:34:38.186" level="INFO">Typing text 'istanbul' into text field 'id=city'.</msg>
<status status="PASS" starttime="20210311 17:34:38.185" endtime="20210311 17:34:38.246"></status>
</kw>
<kw name="Select From List By Index" library="SeleniumLibrary">
<doc>Selects options from selection list ``locator`` by ``indexes``.</doc>
<arguments>
<arg>${state}</arg>
<arg>2</arg>
</arguments>
<msg timestamp="20210311 17:34:38.247" level="INFO">Selecting options from selection list 'id=id_state' by index 2.</msg>
<status status="PASS" starttime="20210311 17:34:38.246" endtime="20210311 17:34:38.616"></status>
</kw>
<kw name="Input Text" library="SeleniumLibrary">
<doc>Types the given ``text`` into the text field identified by ``locator``.</doc>
<arguments>
<arg>${postcode}</arg>
<arg>33333</arg>
</arguments>
<msg timestamp="20210311 17:34:38.617" level="INFO">Typing text '33333' into text field 'id=postcode'.</msg>
<status status="PASS" starttime="20210311 17:34:38.617" endtime="20210311 17:34:38.654"></status>
</kw>
<kw name="Input Text" library="SeleniumLibrary">
<doc>Types the given ``text`` into the text field identified by ``locator``.</doc>
<arguments>
<arg>${phone_mobile}</arg>
<arg>5554443322</arg>
</arguments>
<msg timestamp="20210311 17:34:38.656" level="INFO">Typing text '5554443322' into text field 'id=phone_mobile'.</msg>
<status status="PASS" starttime="20210311 17:34:38.655" endtime="20210311 17:34:38.720"></status>
</kw>
<kw name="Input Text" library="SeleniumLibrary">
<doc>Types the given ``text`` into the text field identified by ``locator``.</doc>
<arguments>
<arg>${adress2}</arg>
<arg>1111sok.No:6-D:6-Maltepe</arg>
</arguments>
<msg timestamp="20210311 17:34:38.721" level="INFO">Typing text '1111sok.No:6-D:6-Maltepe' into text field 'id=alias'.</msg>
<status status="PASS" starttime="20210311 17:34:38.720" endtime="20210311 17:34:38.817"></status>
</kw>
<status status="PASS" starttime="20210311 17:34:36.031" endtime="20210311 17:34:38.818"></status>
</kw>
<kw name="When Click to register" library="conf">
<kw name="Click Button" library="SeleniumLibrary">
<doc>Clicks the button identified by ``locator``.</doc>
<arguments>
<arg>${personal_info_submit}</arg>
</arguments>
<msg timestamp="20210311 17:34:38.819" level="INFO">Clicking button 'id=submitAccount'.</msg>
<status status="PASS" starttime="20210311 17:34:38.819" endtime="20210311 17:34:41.476"></status>
</kw>
<status status="PASS" starttime="20210311 17:34:38.818" endtime="20210311 17:34:41.476"></status>
</kw>
<kw name="Then Verify Successful Registration" library="conf">
<kw name="Page Should Contain" library="SeleniumLibrary">
<doc>Verifies that current page contains ``text``.</doc>
<arguments>
<arg>${success_info}</arg>
</arguments>
<msg timestamp="20210311 17:34:41.514" level="INFO">Current page contains text 'Welcome to your account. Here you can manage all of your personal information and orders.'.</msg>
<status status="PASS" starttime="20210311 17:34:41.477" endtime="20210311 17:34:41.514"></status>
</kw>
<status status="PASS" starttime="20210311 17:34:41.476" endtime="20210311 17:34:41.515"></status>
</kw>
<status status="PASS" starttime="20210311 17:34:15.017" endtime="20210311 17:34:41.515" critical="yes"></status>
</test>
<test id="s1-t2" name="Creating an Order">
<kw name="Given Open The Summer Dresses page" library="conf">
<kw name="Mouse Over" library="SeleniumLibrary">
<doc>Simulates hovering the mouse over the element ``locator``.</doc>
<arguments>
<arg>${dressesMenu}</arg>
</arguments>
<msg timestamp="20210311 17:34:41.521" level="INFO">Simulating Mouse Over on element 'xpath=(//a[@title='Dresses'])[2]'.</msg>
<status status="PASS" starttime="20210311 17:34:41.520" endtime="20210311 17:34:41.816"></status>
</kw>
<kw name="Wait Until Element Is Visible" library="SeleniumLibrary">
<doc>Waits until the element ``locator`` is visible.</doc>
<arguments>
<arg>${summerdresses-link}</arg>
<arg>15</arg>
</arguments>
<status status="PASS" starttime="20210311 17:34:41.817" endtime="20210311 17:34:42.088"></status>
</kw>
<kw name="Click Element" library="SeleniumLibrary">
<doc>Click the element identified by ``locator``.</doc>
<arguments>
<arg>${summerdresses-link}</arg>
</arguments>
<msg timestamp="20210311 17:34:42.089" level="INFO">Clicking element 'xpath=(//a[@title='Summer Dresses'])[2]'.</msg>
<status status="PASS" starttime="20210311 17:34:42.089" endtime="20210311 17:34:44.027"></status>
</kw>
<kw name="Wait Until Page Contains Element" library="SeleniumLibrary">
<doc>Waits until the element ``locator`` appears on the current page.</doc>
<arguments>
<arg>${summerdresses-text}</arg>
<arg>10</arg>
</arguments>
<status status="PASS" starttime="20210311 17:34:44.027" endtime="20210311 17:34:44.061"></status>
</kw>
<status status="PASS" starttime="20210311 17:34:41.519" endtime="20210311 17:34:44.062"></status>
</kw>
<kw name="And verify the summer dresses screen" library="conf">
<kw name="Title Should Be" library="SeleniumLibrary">
<doc>Verifies that the current page title equals ``title``.</doc>
<arguments>
<arg>Summer Dresses - My Store</arg>
</arguments>
<msg timestamp="20210311 17:34:44.069" level="INFO">Page title is 'Summer Dresses - My Store'.</msg>
<status status="PASS" starttime="20210311 17:34:44.064" endtime="20210311 17:34:44.070"></status>
</kw>
<status status="PASS" starttime="20210311 17:34:44.062" endtime="20210311 17:34:44.070"></status>
</kw>
<kw name="And adding products &amp; verification" library="conf">
<kw name="Wait Until Page Contains Element" library="SeleniumLibrary">
<doc>Waits until the element ``locator`` appears on the current page.</doc>
<arguments>
<arg>${product1-img}</arg>
<arg>10</arg>
</arguments>
<status status="PASS" starttime="20210311 17:34:44.072" endtime="20210311 17:34:44.080"></status>
</kw>
<kw name="Click Element" library="SeleniumLibrary">
<doc>Click the element identified by ``locator``.</doc>
<arguments>
<arg>${product1-class-price}</arg>
</arguments>
<msg timestamp="20210311 17:34:44.082" level="INFO">Clicking element 'xpath=(//div[@class='content_price'])[4]'.</msg>
<status status="PASS" starttime="20210311 17:34:44.081" endtime="20210311 17:34:44.367"></status>
</kw>
<kw name="Click Element" library="SeleniumLibrary">
<doc>Click the element identified by ``locator``.</doc>
<arguments>
<arg>${product1-Addcart}</arg>
</arguments>
<msg timestamp="20210311 17:34:44.368" level="INFO">Clicking element 'xpath=(//a[contains(@class,'cart_button')])[2]'.</msg>
<status status="PASS" starttime="20210311 17:34:44.367" endtime="20210311 17:34:44.634"></status>
</kw>
<kw name="Wait Until Element Is Visible" library="SeleniumLibrary">
<doc>Waits until the element ``locator`` is visible.</doc>
<arguments>
<arg>${product1-price}</arg>
<arg>10</arg>
</arguments>
<status status="PASS" starttime="20210311 17:34:44.634" endtime="20210311 17:34:45.182"></status>
</kw>
<kw name="Get Text" library="SeleniumLibrary">
<doc>Returns the text value of the element identified by ``locator``.</doc>
<arguments>
<arg>${product1-price}</arg>
</arguments>
<assign>
<var>${ürün1_price}</var>
</assign>
<msg timestamp="20210311 17:34:45.231" level="INFO">${ürün1_price} = $30.50</msg>
<status status="PASS" starttime="20210311 17:34:45.182" endtime="20210311 17:34:45.231"></status>
</kw>
<kw name="Wait Until Element Is Visible" library="SeleniumLibrary">
<doc>Waits until the element ``locator`` is visible.</doc>
<arguments>
<arg>${proceedtocheckout}</arg>
<arg>10</arg>
</arguments>
<status status="PASS" starttime="20210311 17:34:45.232" endtime="20210311 17:34:45.272"></status>
</kw>
<kw name="Click Element" library="SeleniumLibrary">
<doc>Click the element identified by ``locator``.</doc>
<arguments>
<arg>${proceedtocheckout}</arg>
</arguments>
<msg timestamp="20210311 17:34:45.273" level="INFO">Clicking element 'xpath=//a[@title='Proceed to checkout']'.</msg>
<status status="PASS" starttime="20210311 17:34:45.272" endtime="20210311 17:34:46.870"></status>
</kw>
<kw name="Input Text" library="SeleniumLibrary">
<doc>Types the given ``text`` into the text field identified by ``locator``.</doc>
<arguments>
<arg>${searchquery}</arg>
<arg>summer</arg>
</arguments>
<msg timestamp="20210311 17:34:46.871" level="INFO">Typing text 'summer' into text field 'id=search_query_top'.</msg>
<status status="PASS" starttime="20210311 17:34:46.871" endtime="20210311 17:34:46.928"></status>
</kw>
<kw name="Wait Until Element Is Visible" library="SeleniumLibrary">
<doc>Waits until the element ``locator`` is visible.</doc>
<arguments>
<arg>${searchbutton}</arg>
</arguments>
<status status="PASS" starttime="20210311 17:34:46.928" endtime="20210311 17:34:46.986"></status>
</kw>
<kw name="Click Button" library="SeleniumLibrary">
<doc>Clicks the button identified by ``locator``.</doc>
<arguments>
<arg>${searchbutton}</arg>
</arguments>
<msg timestamp="20210311 17:34:46.987" level="INFO">Clicking button 'xpath=(//button[@type='submit'])[1]'.</msg>
<status status="PASS" starttime="20210311 17:34:46.986" endtime="20210311 17:34:49.589"></status>
</kw>
<kw name="Wait Until Element Is Visible" library="SeleniumLibrary">
<doc>Waits until the element ``locator`` is visible.</doc>
<arguments>
<arg>${product1-img}</arg>
<arg>15</arg>
</arguments>
<status status="PASS" starttime="20210311 17:34:49.589" endtime="20210311 17:34:49.639"></status>
</kw>
<kw name="Mouse Over" library="SeleniumLibrary">
<doc>Simulates hovering the mouse over the element ``locator``.</doc>
<arguments>
<arg>${product2-cart}</arg>
</arguments>
<msg timestamp="20210311 17:34:49.641" level="INFO">Simulating Mouse Over on element 'xpath=(//li//div[@class='product-container'])[1]'.</msg>
<status status="PASS" starttime="20210311 17:34:49.640" endtime="20210311 17:34:49.913"></status>
</kw>
<kw name="Click Element" library="SeleniumLibrary">
<doc>Click the element identified by ``locator``.</doc>
<arguments>
<arg>${product2-Addcart}</arg>
</arguments>
<msg timestamp="20210311 17:34:49.914" level="INFO">Clicking element 'xpath=(//a[contains(@class,'cart_button')])[1]'.</msg>
<status status="PASS" starttime="20210311 17:34:49.913" endtime="20210311 17:34:50.163"></status>
</kw>
<kw name="Wait Until Element Is Visible" library="SeleniumLibrary">
<doc>Waits until the element ``locator`` is visible.</doc>
<arguments>
<arg>${product2-price}</arg>
<arg>10</arg>
</arguments>
<status status="PASS" starttime="20210311 17:34:50.164" endtime="20210311 17:34:50.682"></status>
</kw>
<kw name="Get Text" library="SeleniumLibrary">
<doc>Returns the text value of the element identified by ``locator``.</doc>
<arguments>
<arg>${product2-price}</arg>
</arguments>
<assign>
<var>${ürün2_price}</var>
</assign>
<msg timestamp="20210311 17:34:50.725" level="INFO">${ürün2_price} = $28.98</msg>
<status status="PASS" starttime="20210311 17:34:50.683" endtime="20210311 17:34:50.725"></status>
</kw>
<kw name="Wait Until Element Is Visible" library="SeleniumLibrary">
<doc>Waits until the element ``locator`` is visible.</doc>
<arguments>
<arg>${proceedtocheckout}</arg>
<arg>10</arg>
</arguments>
<status status="PASS" starttime="20210311 17:34:50.725" endtime="20210311 17:34:50.781"></status>
</kw>
<kw name="Click Element" library="SeleniumLibrary">
<doc>Click the element identified by ``locator``.</doc>
<arguments>
<arg>${proceedtocheckout}</arg>
</arguments>
<msg timestamp="20210311 17:34:50.783" level="INFO">Clicking element 'xpath=//a[@title='Proceed to checkout']'.</msg>
<status status="PASS" starttime="20210311 17:34:50.782" endtime="20210311 17:34:52.549"></status>
</kw>
<kw name="Mouse Over" library="SeleniumLibrary">
<doc>Simulates hovering the mouse over the element ``locator``.</doc>
<arguments>
<arg>${sepet_icon}</arg>
</arguments>
<msg timestamp="20210311 17:34:52.551" level="INFO">Simulating Mouse Over on element 'xpath=//a[@title='View my shopping cart']'.</msg>
<status status="PASS" starttime="20210311 17:34:52.550" endtime="20210311 17:34:52.843"></status>
</kw>
<kw name="Wait Until Element Is Visible" library="SeleniumLibrary">
<doc>Waits until the element ``locator`` is visible.</doc>
<arguments>
<arg>${cart-checkout}</arg>
<arg>15</arg>
</arguments>
<status status="PASS" starttime="20210311 17:34:52.844" endtime="20210311 17:34:53.137"></status>
</kw>
<kw name="Click Element" library="SeleniumLibrary">
<doc>Click the element identified by ``locator``.</doc>
<arguments>
<arg>${cart-checkout}</arg>
</arguments>
<msg timestamp="20210311 17:34:53.138" level="INFO">Clicking element 'xpath=//a[@title='Check out']'.</msg>
<status status="PASS" starttime="20210311 17:34:53.138" endtime="20210311 17:34:54.793"></status>
</kw>
<kw name="Wait Until Element Is Visible" library="SeleniumLibrary">
<doc>Waits until the element ``locator`` is visible.</doc>
<arguments>
<arg>${summary-price-product1}</arg>
<arg>15</arg>
</arguments>
<status status="PASS" starttime="20210311 17:34:54.794" endtime="20210311 17:34:54.848"></status>
</kw>
<kw name="Get Text" library="SeleniumLibrary">
<doc>Returns the text value of the element identified by ``locator``.</doc>
<arguments>
<arg>${summary-price-product1}</arg>
</arguments>
<assign>
<var>${product1_price_verify}</var>
</assign>
<msg timestamp="20210311 17:34:54.876" level="INFO">${product1_price_verify} = $30.50</msg>
<status status="PASS" starttime="20210311 17:34:54.848" endtime="20210311 17:34:54.876"></status>
</kw>
<kw name="Should Be Equal" library="BuiltIn">
<doc>Fails if the given objects are unequal.</doc>
<arguments>
<arg>${ürün1_price}</arg>
<arg>${product1_price_verify}</arg>
</arguments>
<status status="PASS" starttime="20210311 17:34:54.877" endtime="20210311 17:34:54.877"></status>
</kw>
<kw name="Get Text" library="SeleniumLibrary">
<doc>Returns the text value of the element identified by ``locator``.</doc>
<arguments>
<arg>${summary-price-product2}</arg>
</arguments>
<assign>
<var>${product2_price_verify}</var>
</assign>
<msg timestamp="20210311 17:34:54.895" level="INFO">${product2_price_verify} = $28.98</msg>
<status status="PASS" starttime="20210311 17:34:54.877" endtime="20210311 17:34:54.895"></status>
</kw>
<kw name="Should Be Equal" library="BuiltIn">
<doc>Fails if the given objects are unequal.</doc>
<arguments>
<arg>${ürün2_price}</arg>
<arg>${product2_price_verify}</arg>
</arguments>
<status status="PASS" starttime="20210311 17:34:54.896" endtime="20210311 17:34:54.896"></status>
</kw>
<kw name="Wait Until Element Is Visible" library="SeleniumLibrary">
<doc>Waits until the element ``locator`` is visible.</doc>
<arguments>
<arg>${proceedtocheckout_all}</arg>
<arg>15</arg>
</arguments>
<status status="PASS" starttime="20210311 17:34:54.897" endtime="20210311 17:34:54.934"></status>
</kw>
<kw name="Click Element" library="SeleniumLibrary">
<doc>Click the element identified by ``locator``.</doc>
<arguments>
<arg>${proceedtocheckout_all}</arg>
</arguments>
<msg timestamp="20210311 17:34:54.935" level="INFO">Clicking element 'xpath=(//a[@title='Proceed to checkout'])[2]'.</msg>
<status status="PASS" starttime="20210311 17:34:54.934" endtime="20210311 17:34:56.824"></status>
</kw>
<status status="PASS" starttime="20210311 17:34:44.071" endtime="20210311 17:34:56.825"></status>
</kw>
<kw name="And Address Selection" library="conf">
<kw name="Click Element" library="SeleniumLibrary">
<doc>Click the element identified by ``locator``.</doc>
<arguments>
<arg>${adress_selection-proceed}</arg>
</arguments>
<msg timestamp="20210311 17:34:56.827" level="INFO">Clicking element 'xpath=//*[@id="center_column"]/form/p/button'.</msg>
<status status="PASS" starttime="20210311 17:34:56.826" endtime="20210311 17:34:59.825"></status>
</kw>
<status status="PASS" starttime="20210311 17:34:56.825" endtime="20210311 17:34:59.825"></status>
</kw>
<kw name="And Shipping Selection" library="conf">
<kw name="Wait Until Element Is Visible" library="SeleniumLibrary">
<doc>Waits until the element ``locator`` is visible.</doc>
<arguments>
<arg>${shipp-agree}</arg>
<arg>10</arg>
</arguments>
<status status="PASS" starttime="20210311 17:34:59.827" endtime="20210311 17:34:59.900"></status>
</kw>
<kw name="Click Element" library="SeleniumLibrary">
<doc>Click the element identified by ``locator``.</doc>
<arguments>
<arg>${shipp-agree}</arg>
</arguments>
<msg timestamp="20210311 17:34:59.901" level="INFO">Clicking element 'xpath=//*[@id="form"]/div/p[2]/label'.</msg>
<status status="PASS" starttime="20210311 17:34:59.900" endtime="20210311 17:35:00.234"></status>
</kw>
<kw name="Wait Until Element Is Visible" library="SeleniumLibrary">
<doc>Waits until the element ``locator`` is visible.</doc>
<arguments>
<arg>${shipp_selection_proceed}</arg>
<arg>10</arg>
</arguments>
<status status="PASS" starttime="20210311 17:35:00.234" endtime="20210311 17:35:00.285"></status>
</kw>
<kw name="Click Element" library="SeleniumLibrary">
<doc>Click the element identified by ``locator``.</doc>
<arguments>
<arg>${shipp_selection_proceed}</arg>
</arguments>
<msg timestamp="20210311 17:35:00.287" level="INFO">Clicking element 'xpath=//*[@id="form"]/p/button'.</msg>
<status status="PASS" starttime="20210311 17:35:00.286" endtime="20210311 17:35:01.548"></status>
</kw>
<status status="PASS" starttime="20210311 17:34:59.826" endtime="20210311 17:35:01.549"></status>
</kw>
<kw name="And Payment Selection" library="conf">
<kw name="Click Element" library="SeleniumLibrary">
<doc>Click the element identified by ``locator``.</doc>
<arguments>
<arg>${hook_payment}</arg>
</arguments>
<msg timestamp="20210311 17:35:01.552" level="INFO">Clicking element 'xpath=//*[@id="HOOK_PAYMENT"]/div[2]/div/p'.</msg>
<status status="PASS" starttime="20210311 17:35:01.551" endtime="20210311 17:35:03.228"></status>
</kw>
<kw name="Wait Until Element Is Visible" library="SeleniumLibrary">
<doc>Waits until the element ``locator`` is visible.</doc>
<arguments>
<arg>${checkpayment-text}</arg>
<arg>10</arg>
</arguments>
<status status="PASS" starttime="20210311 17:35:03.229" endtime="20210311 17:35:03.297"></status>
</kw>
<status status="PASS" starttime="20210311 17:35:01.549" endtime="20210311 17:35:03.298"></status>
</kw>
<kw name="When Click I confirm my order the button" library="conf">
<kw name="Click Element" library="SeleniumLibrary">
<doc>Click the element identified by ``locator``.</doc>
<arguments>
<arg>${IconfirmMyOrderbutton}</arg>
</arguments>
<msg timestamp="20210311 17:35:03.302" level="INFO">Clicking element 'xpath=//*[@id="cart_navigation"]/button'.</msg>
<status status="PASS" starttime="20210311 17:35:03.301" endtime="20210311 17:35:05.024"></status>
</kw>
<kw name="Title Should Be" library="SeleniumLibrary">
<doc>Verifies that the current page title equals ``title``.</doc>
<arguments>
<arg>Order confirmation - My Store</arg>
</arguments>
<msg timestamp="20210311 17:35:05.033" level="INFO">Page title is 'Order confirmation - My Store'.</msg>
<status status="PASS" starttime="20210311 17:35:05.024" endtime="20210311 17:35:05.033"></status>
</kw>
<kw name="Wait Until Element Is Visible" library="SeleniumLibrary">
<doc>Waits until the element ``locator`` is visible.</doc>
<arguments>
<arg>${order-complete}</arg>
<arg>10</arg>
</arguments>
<status status="PASS" starttime="20210311 17:35:05.034" endtime="20210311 17:35:05.099"></status>
</kw>
<status status="PASS" starttime="20210311 17:35:03.299" endtime="20210311 17:35:05.100"></status>
</kw>
<kw name="Then Verify Successful Order &amp; Details" library="conf">
<kw name="Click Element" library="SeleniumLibrary">
<doc>Click the element identified by ``locator``.</doc>
<arguments>
<arg>${username-menulink}</arg>
</arguments>
<msg timestamp="20210311 17:35:05.103" level="INFO">Clicking element 'class=account'.</msg>
<status status="PASS" starttime="20210311 17:35:05.102" endtime="20210311 17:35:06.350"></status>
</kw>
<kw name="Click Element" library="SeleniumLibrary">
<doc>Click the element identified by ``locator``.</doc>
<arguments>
<arg>${OrderhistoryAndDetails}</arg>
</arguments>
<msg timestamp="20210311 17:35:06.351" level="INFO">Clicking element 'class=icon-list-ol'.</msg>
<status status="PASS" starttime="20210311 17:35:06.350" endtime="20210311 17:35:07.786"></status>
</kw>
<kw name="Title Should Be" library="SeleniumLibrary">
<doc>Verifies that the current page title equals ``title``.</doc>
<arguments>
<arg>Order history - My Store</arg>
</arguments>
<msg timestamp="20210311 17:35:07.793" level="INFO">Page title is 'Order history - My Store'.</msg>
<status status="PASS" starttime="20210311 17:35:07.787" endtime="20210311 17:35:07.794"></status>
</kw>
<kw name="Get Text" library="SeleniumLibrary">
<doc>Returns the text value of the element identified by ``locator``.</doc>
<arguments>
<arg>${order_status_element}</arg>
</arguments>
<assign>
<var>${order_status}</var>
</assign>
<msg timestamp="20210311 17:35:07.829" level="INFO">${order_status} = On backorder</msg>
<status status="PASS" starttime="20210311 17:35:07.794" endtime="20210311 17:35:07.829"></status>
</kw>
<kw name="Should Be Equal" library="BuiltIn">
<doc>Fails if the given objects are unequal.</doc>
<arguments>
<arg>${order_status}</arg>
<arg>On backorder</arg>
</arguments>
<status status="PASS" starttime="20210311 17:35:07.830" endtime="20210311 17:35:07.831"></status>
</kw>
<status status="PASS" starttime="20210311 17:35:05.100" endtime="20210311 17:35:07.831"></status>
</kw>
<status status="PASS" starttime="20210311 17:34:41.517" endtime="20210311 17:35:07.832" critical="yes"></status>
</test>
<status status="PASS" starttime="20210311 17:34:14.209" endtime="20210311 17:35:07.834"></status>
</suite>
<statistics>
<total>
<stat pass="2" fail="0">Critical Tests</stat>
<stat pass="2" fail="0">All Tests</stat>
</total>
<tag>
</tag>
<suite>
<stat pass="2" fail="0" id="s1" name="Hepsiburada">Hepsiburada</stat>
</suite>
</statistics>
<errors>
</errors>
</robot>
