<?xml version="1.0" encoding="UTF-8"?>
<robot generator="Robot 3.2.2 (Python 3.9.2 on win32)" generated="20210311 23:34:29.591" rpa="false">
<suite id="s1" name="Hepsiburada" source="C:\Users\PaleFace\PycharmProjects\pythonProject\hepsiburada.robot">
<test id="s1-t1" name="New Member Registration">
<kw name="Given Open Automationpractice website" library="conf">
<kw name="Open Browser" library="SeleniumLibrary">
<doc>Opens a new browser instance to the optional ``url``.</doc>
<arguments>
<arg>${homepage}</arg>
<arg>${Browser}</arg>
</arguments>
<msg timestamp="20210311 23:34:30.472" level="INFO">Opening browser 'Chrome' to base url 'http://automationpractice.com/'.</msg>
<status status="PASS" starttime="20210311 23:34:30.471" endtime="20210311 23:34:40.621"></status>
</kw>
<kw name="Maximize Browser Window" library="SeleniumLibrary">
<doc>Maximizes current browser window.</doc>
<status status="PASS" starttime="20210311 23:34:40.622" endtime="20210311 23:34:41.053"></status>
</kw>
<kw name="Go To" library="SeleniumLibrary">
<doc>Navigates the current browser window to the provided ``url``.</doc>
<arguments>
<arg>${homepage}</arg>
</arguments>
<msg timestamp="20210311 23:34:41.055" level="INFO">Opening url 'http://automationpractice.com/'</msg>
<status status="PASS" starttime="20210311 23:34:41.054" endtime="20210311 23:34:43.005"></status>
</kw>
<status status="PASS" starttime="20210311 23:34:30.470" endtime="20210311 23:34:43.005"></status>
</kw>
<kw name="And click to signin" library="conf">
<kw name="Wait Until Element Is Visible" library="SeleniumLibrary">
<doc>Waits until the element ``locator`` is visible.</doc>
<arguments>
<arg>${signin}</arg>
<arg>10</arg>
</arguments>
<status status="PASS" starttime="20210311 23:34:43.007" endtime="20210311 23:34:43.104"></status>
</kw>
<kw name="Click Element" library="SeleniumLibrary">
<doc>Click the element identified by ``locator``.</doc>
<arguments>
<arg>${signin}</arg>
</arguments>
<msg timestamp="20210311 23:34:43.105" level="INFO">Clicking element 'class=login'.</msg>
<status status="PASS" starttime="20210311 23:34:43.104" endtime="20210311 23:34:45.685"></status>
</kw>
<status status="PASS" starttime="20210311 23:34:43.006" endtime="20210311 23:34:45.686"></status>
</kw>
<kw name="And verify the login screen" library="conf">
<kw name="Title Should Be" library="SeleniumLibrary">
<doc>Verifies that the current page title equals ``title``.</doc>
<arguments>
<arg>${signin_page_title}</arg>
</arguments>
<msg timestamp="20210311 23:34:45.735" level="INFO">Page title is 'Login - My Store'.</msg>
<status status="PASS" starttime="20210311 23:34:45.688" endtime="20210311 23:34:45.736"></status>
</kw>
<status status="PASS" starttime="20210311 23:34:45.687" endtime="20210311 23:34:45.736"></status>
</kw>
<kw name="And enter your email address" library="conf">
<kw name="Input Text" library="SeleniumLibrary">
<doc>Types the given ``text`` into the text field identified by ``locator``.</doc>
<arguments>
<arg>${email_element}</arg>
<arg>${email}</arg>
</arguments>
<msg timestamp="20210311 23:34:45.738" level="INFO">Typing text '117e19428e@firemailbox.club' into text field 'id=email_create'.</msg>
<status status="PASS" starttime="20210311 23:34:45.738" endtime="20210311 23:34:45.985"></status>
</kw>
<status status="PASS" starttime="20210311 23:34:45.737" endtime="20210311 23:34:45.986"></status>
</kw>
<kw name="And click to create an account" library="conf">
<kw name="Click Button" library="SeleniumLibrary">
<doc>Clicks the button identified by ``locator``.</doc>
<arguments>
<arg>${submit}</arg>
</arguments>
<msg timestamp="20210311 23:34:45.988" level="INFO">Clicking button 'id=SubmitCreate'.</msg>
<status status="PASS" starttime="20210311 23:34:45.987" endtime="20210311 23:34:46.149"></status>
</kw>
<status status="PASS" starttime="20210311 23:34:45.986" endtime="20210311 23:34:46.150"></status>
</kw>
<kw name="And enter in member informations" library="conf">
<kw name="Wait Until Page Contains Element" library="SeleniumLibrary">
<doc>Waits until the element ``locator`` appears on the current page.</doc>
<arguments>
<arg>${gender:mr}</arg>
<arg>10</arg>
</arguments>
<status status="PASS" starttime="20210311 23:34:46.151" endtime="20210311 23:34:48.183"></status>
</kw>
<kw name="Click Element" library="SeleniumLibrary">
<doc>Click the element identified by ``locator``.</doc>
<arguments>
<arg>${gender:mr}</arg>
</arguments>
<msg timestamp="20210311 23:34:48.185" level="INFO">Clicking element 'id_gender1'.</msg>
<status status="PASS" starttime="20210311 23:34:48.184" endtime="20210311 23:34:49.018"></status>
</kw>
<kw name="Input Text" library="SeleniumLibrary">
<doc>Types the given ``text`` into the text field identified by ``locator``.</doc>
<arguments>
<arg>${firstname}</arg>
<arg>ad</arg>
</arguments>
<msg timestamp="20210311 23:34:49.019" level="INFO">Typing text 'ad' into text field 'id=customer_firstname'.</msg>
<status status="PASS" starttime="20210311 23:34:49.018" endtime="20210311 23:34:49.256"></status>
</kw>
<kw name="Input Text" library="SeleniumLibrary">
<doc>Types the given ``text`` into the text field identified by ``locator``.</doc>
<arguments>
<arg>${lastname}</arg>
<arg>soyad</arg>
</arguments>
<msg timestamp="20210311 23:34:49.257" level="INFO">Typing text 'soyad' into text field 'id=customer_lastname'.</msg>
<status status="PASS" starttime="20210311 23:34:49.256" endtime="20210311 23:34:49.474"></status>
</kw>
<kw name="Input Text" library="SeleniumLibrary">
<doc>Types the given ``text`` into the text field identified by ``locator``.</doc>
<arguments>
<arg>${pass}</arg>
<arg>passwd</arg>
</arguments>
<msg timestamp="20210311 23:34:49.475" level="INFO">Typing text 'passwd' into text field 'id=passwd'.</msg>
<status status="PASS" starttime="20210311 23:34:49.474" endtime="20210311 23:34:49.685"></status>
</kw>
<kw name="Input Text" library="SeleniumLibrary">
<doc>Types the given ``text`` into the text field identified by ``locator``.</doc>
<arguments>
<arg>${adress}</arg>
<arg>1111sok.No:6-D:6-Maltepe</arg>
</arguments>
<msg timestamp="20210311 23:34:49.686" level="INFO">Typing text '1111sok.No:6-D:6-Maltepe' into text field 'id=address1'.</msg>
<status status="PASS" starttime="20210311 23:34:49.685" endtime="20210311 23:34:50.004"></status>
</kw>
<kw name="Input Text" library="SeleniumLibrary">
<doc>Types the given ``text`` into the text field identified by ``locator``.</doc>
<arguments>
<arg>${city}</arg>
<arg>istanbul</arg>
</arguments>
<msg timestamp="20210311 23:34:50.005" level="INFO">Typing text 'istanbul' into text field 'id=city'.</msg>
<status status="PASS" starttime="20210311 23:34:50.004" endtime="20210311 23:34:50.277"></status>
</kw>
<kw name="Select From List By Index" library="SeleniumLibrary">
<doc>Selects options from selection list ``locator`` by ``indexes``.</doc>
<arguments>
<arg>${state}</arg>
<arg>2</arg>
</arguments>
<msg timestamp="20210311 23:34:50.278" level="INFO">Selecting options from selection list 'id=id_state' by index 2.</msg>
<status status="PASS" starttime="20210311 23:34:50.277" endtime="20210311 23:34:50.598"></status>
</kw>
<kw name="Input Text" library="SeleniumLibrary">
<doc>Types the given ``text`` into the text field identified by ``locator``.</doc>
<arguments>
<arg>${postcode}</arg>
<arg>33333</arg>
</arguments>
<msg timestamp="20210311 23:34:50.599" level="INFO">Typing text '33333' into text field 'id=postcode'.</msg>
<status status="PASS" starttime="20210311 23:34:50.599" endtime="20210311 23:34:50.950"></status>
</kw>
<kw name="Input Text" library="SeleniumLibrary">
<doc>Types the given ``text`` into the text field identified by ``locator``.</doc>
<arguments>
<arg>${phone_mobile}</arg>
<arg>5554443322</arg>
</arguments>
<msg timestamp="20210311 23:34:50.951" level="INFO">Typing text '5554443322' into text field 'id=phone_mobile'.</msg>
<status status="PASS" starttime="20210311 23:34:50.950" endtime="20210311 23:34:51.225"></status>
</kw>
<kw name="Input Text" library="SeleniumLibrary">
<doc>Types the given ``text`` into the text field identified by ``locator``.</doc>
<arguments>
<arg>${adress2}</arg>
<arg>1111sok.No:6-D:6-Maltepe</arg>
</arguments>
<msg timestamp="20210311 23:34:51.226" level="INFO">Typing text '1111sok.No:6-D:6-Maltepe' into text field 'id=alias'.</msg>
<status status="PASS" starttime="20210311 23:34:51.225" endtime="20210311 23:34:51.530"></status>
</kw>
<status status="PASS" starttime="20210311 23:34:46.150" endtime="20210311 23:34:51.530"></status>
</kw>
<kw name="When Click to register" library="conf">
<kw name="Click Button" library="SeleniumLibrary">
<doc>Clicks the button identified by ``locator``.</doc>
<arguments>
<arg>${personal_info_submit}</arg>
</arguments>
<msg timestamp="20210311 23:34:51.534" level="INFO">Clicking button 'id=submitAccount'.</msg>
<status status="PASS" starttime="20210311 23:34:51.532" endtime="20210311 23:34:54.604"></status>
</kw>
<status status="PASS" starttime="20210311 23:34:51.531" endtime="20210311 23:34:54.605"></status>
</kw>
<kw name="Then Verify Successful Registration" library="conf">
<kw name="Page Should Contain" library="SeleniumLibrary">
<doc>Verifies that current page contains ``text``.</doc>
<arguments>
<arg>${success_info}</arg>
</arguments>
<msg timestamp="20210311 23:34:54.686" level="INFO">Current page contains text 'Welcome to your account. Here you can manage all of your personal information and orders.'.</msg>
<status status="PASS" starttime="20210311 23:34:54.608" endtime="20210311 23:34:54.686"></status>
</kw>
<status status="PASS" starttime="20210311 23:34:54.606" endtime="20210311 23:34:54.687"></status>
</kw>
<status status="PASS" starttime="20210311 23:34:30.466" endtime="20210311 23:34:54.688" critical="yes"></status>
</test>
<test id="s1-t2" name="Creating an Order">
<kw name="Given Open The Summer Dresses page" library="conf">
<kw name="Mouse Over" library="SeleniumLibrary">
<doc>Simulates hovering the mouse over the element ``locator``.</doc>
<arguments>
<arg>${dressesMenu}</arg>
</arguments>
<msg timestamp="20210311 23:34:54.698" level="INFO">Simulating Mouse Over on element 'xpath=(//a[@title='Dresses'])[2]'.</msg>
<status status="PASS" starttime="20210311 23:34:54.697" endtime="20210311 23:34:55.024"></status>
</kw>
<kw name="Wait Until Element Is Visible" library="SeleniumLibrary">
<doc>Waits until the element ``locator`` is visible.</doc>
<arguments>
<arg>${summerdresses-link}</arg>
<arg>15</arg>
</arguments>
<status status="PASS" starttime="20210311 23:34:55.024" endtime="20210311 23:34:55.071"></status>
</kw>
<kw name="Click Element" library="SeleniumLibrary">
<doc>Click the element identified by ``locator``.</doc>
<arguments>
<arg>${summerdresses-link}</arg>
</arguments>
<msg timestamp="20210311 23:34:55.072" level="INFO">Clicking element 'xpath=(//a[@title='Summer Dresses'])[2]'.</msg>
<status status="PASS" starttime="20210311 23:34:55.071" endtime="20210311 23:34:57.393"></status>
</kw>
<kw name="Wait Until Page Contains Element" library="SeleniumLibrary">
<doc>Waits until the element ``locator`` appears on the current page.</doc>
<arguments>
<arg>${summerdresses-text}</arg>
<arg>10</arg>
</arguments>
<status status="PASS" starttime="20210311 23:34:57.394" endtime="20210311 23:34:57.439"></status>
</kw>
<status status="PASS" starttime="20210311 23:34:54.695" endtime="20210311 23:34:57.440"></status>
</kw>
<kw name="And verify the summer dresses screen" library="conf">
<kw name="Title Should Be" library="SeleniumLibrary">
<doc>Verifies that the current page title equals ``title``.</doc>
<arguments>
<arg>Summer Dresses - My Store</arg>
</arguments>
<msg timestamp="20210311 23:34:57.451" level="INFO">Page title is 'Summer Dresses - My Store'.</msg>
<status status="PASS" starttime="20210311 23:34:57.441" endtime="20210311 23:34:57.452"></status>
</kw>
<status status="PASS" starttime="20210311 23:34:57.440" endtime="20210311 23:34:57.453"></status>
</kw>
<kw name="And adding products &amp; verification" library="conf">
<kw name="Wait Until Page Contains Element" library="SeleniumLibrary">
<doc>Waits until the element ``locator`` appears on the current page.</doc>
<arguments>
<arg>${product1-img}</arg>
<arg>10</arg>
</arguments>
<status status="PASS" starttime="20210311 23:34:57.456" endtime="20210311 23:34:57.492"></status>
</kw>
<kw name="Click Element" library="SeleniumLibrary">
<doc>Click the element identified by ``locator``.</doc>
<arguments>
<arg>${product1-class-price}</arg>
</arguments>
<msg timestamp="20210311 23:34:57.493" level="INFO">Clicking element 'xpath=(//div[@class='content_price'])[4]'.</msg>
<status status="PASS" starttime="20210311 23:34:57.493" endtime="20210311 23:34:57.735"></status>
</kw>
<kw name="Click Element" library="SeleniumLibrary">
<doc>Click the element identified by ``locator``.</doc>
<arguments>
<arg>${product1-Addcart}</arg>
</arguments>
<msg timestamp="20210311 23:34:57.736" level="INFO">Clicking element 'xpath=(//a[contains(@class,'cart_button')])[2]'.</msg>
<status status="PASS" starttime="20210311 23:34:57.735" endtime="20210311 23:34:57.891"></status>
</kw>
<kw name="Wait Until Element Is Visible" library="SeleniumLibrary">
<doc>Waits until the element ``locator`` is visible.</doc>
<arguments>
<arg>${product1-price}</arg>
<arg>10</arg>
</arguments>
<status status="PASS" starttime="20210311 23:34:57.892" endtime="20210311 23:34:59.259"></status>
</kw>
<kw name="Get Text" library="SeleniumLibrary">
<doc>Returns the text value of the element identified by ``locator``.</doc>
<arguments>
<arg>${product1-price}</arg>
</arguments>
<assign>
<var>${ürün1_price}</var>
</assign>
<msg timestamp="20210311 23:34:59.312" level="INFO">${ürün1_price} = $30.50</msg>
<status status="PASS" starttime="20210311 23:34:59.259" endtime="20210311 23:34:59.312"></status>
</kw>
<kw name="Wait Until Element Is Visible" library="SeleniumLibrary">
<doc>Waits until the element ``locator`` is visible.</doc>
<arguments>
<arg>${proceedtocheckout}</arg>
<arg>10</arg>
</arguments>
<status status="PASS" starttime="20210311 23:34:59.313" endtime="20210311 23:34:59.374"></status>
</kw>
<kw name="Click Element" library="SeleniumLibrary">
<doc>Click the element identified by ``locator``.</doc>
<arguments>
<arg>${proceedtocheckout}</arg>
</arguments>
<msg timestamp="20210311 23:34:59.376" level="INFO">Clicking element 'xpath=//a[@title='Proceed to checkout']'.</msg>
<status status="PASS" starttime="20210311 23:34:59.375" endtime="20210311 23:35:00.689"></status>
</kw>
<kw name="Input Text" library="SeleniumLibrary">
<doc>Types the given ``text`` into the text field identified by ``locator``.</doc>
<arguments>
<arg>${searchquery}</arg>
<arg>summer</arg>
</arguments>
<msg timestamp="20210311 23:35:00.690" level="INFO">Typing text 'summer' into text field 'id=search_query_top'.</msg>
<status status="PASS" starttime="20210311 23:35:00.690" endtime="20210311 23:35:00.994"></status>
</kw>
<kw name="Wait Until Element Is Visible" library="SeleniumLibrary">
<doc>Waits until the element ``locator`` is visible.</doc>
<arguments>
<arg>${searchbutton}</arg>
</arguments>
<status status="PASS" starttime="20210311 23:35:00.995" endtime="20210311 23:35:01.078"></status>
</kw>
<kw name="Click Button" library="SeleniumLibrary">
<doc>Clicks the button identified by ``locator``.</doc>
<arguments>
<arg>${searchbutton}</arg>
</arguments>
<msg timestamp="20210311 23:35:01.081" level="INFO">Clicking button 'xpath=(//button[@type='submit'])[1]'.</msg>
<status status="PASS" starttime="20210311 23:35:01.079" endtime="20210311 23:35:02.788"></status>
</kw>
<kw name="Wait Until Element Is Visible" library="SeleniumLibrary">
<doc>Waits until the element ``locator`` is visible.</doc>
<arguments>
<arg>${product1-img}</arg>
<arg>15</arg>
</arguments>
<status status="PASS" starttime="20210311 23:35:02.789" endtime="20210311 23:35:02.851"></status>
</kw>
<kw name="Mouse Over" library="SeleniumLibrary">
<doc>Simulates hovering the mouse over the element ``locator``.</doc>
<arguments>
<arg>${product2-cart}</arg>
</arguments>
<msg timestamp="20210311 23:35:02.852" level="INFO">Simulating Mouse Over on element 'xpath=(//li//div[@class='product-container'])[1]'.</msg>
<status status="PASS" starttime="20210311 23:35:02.851" endtime="20210311 23:35:03.158"></status>
</kw>
<kw name="Click Element" library="SeleniumLibrary">
<doc>Click the element identified by ``locator``.</doc>
<arguments>
<arg>${product2-Addcart}</arg>
</arguments>
<msg timestamp="20210311 23:35:03.159" level="INFO">Clicking element 'xpath=(//a[contains(@class,'cart_button')])[1]'.</msg>
<status status="PASS" starttime="20210311 23:35:03.158" endtime="20210311 23:35:03.241"></status>
</kw>
<kw name="Wait Until Element Is Visible" library="SeleniumLibrary">
<doc>Waits until the element ``locator`` is visible.</doc>
<arguments>
<arg>${product2-price}</arg>
<arg>10</arg>
</arguments>
<status status="PASS" starttime="20210311 23:35:03.241" endtime="20210311 23:35:03.967"></status>
</kw>
<kw name="Get Text" library="SeleniumLibrary">
<doc>Returns the text value of the element identified by ``locator``.</doc>
<arguments>
<arg>${product2-price}</arg>
</arguments>
<assign>
<var>${ürün2_price}</var>
</assign>
<msg timestamp="20210311 23:35:04.011" level="INFO">${ürün2_price} = $28.98</msg>
<status status="PASS" starttime="20210311 23:35:03.968" endtime="20210311 23:35:04.011"></status>
</kw>
<kw name="Wait Until Element Is Visible" library="SeleniumLibrary">
<doc>Waits until the element ``locator`` is visible.</doc>
<arguments>
<arg>${proceedtocheckout}</arg>
<arg>10</arg>
</arguments>
<status status="PASS" starttime="20210311 23:35:04.011" endtime="20210311 23:35:04.047"></status>
</kw>
<kw name="Click Element" library="SeleniumLibrary">
<doc>Click the element identified by ``locator``.</doc>
<arguments>
<arg>${proceedtocheckout}</arg>
</arguments>
<msg timestamp="20210311 23:35:04.049" level="INFO">Clicking element 'xpath=//a[@title='Proceed to checkout']'.</msg>
<status status="PASS" starttime="20210311 23:35:04.048" endtime="20210311 23:35:05.372"></status>
</kw>
<kw name="Mouse Over" library="SeleniumLibrary">
<doc>Simulates hovering the mouse over the element ``locator``.</doc>
<arguments>
<arg>${sepet_icon}</arg>
</arguments>
<msg timestamp="20210311 23:35:05.374" level="INFO">Simulating Mouse Over on element 'xpath=//a[@title='View my shopping cart']'.</msg>
<status status="PASS" starttime="20210311 23:35:05.373" endtime="20210311 23:35:05.698"></status>
</kw>
<kw name="Wait Until Element Is Visible" library="SeleniumLibrary">
<doc>Waits until the element ``locator`` is visible.</doc>
<arguments>
<arg>${cart-checkout}</arg>
<arg>15</arg>
</arguments>
<status status="PASS" starttime="20210311 23:35:05.698" endtime="20210311 23:35:05.756"></status>
</kw>
<kw name="Click Element" library="SeleniumLibrary">
<doc>Click the element identified by ``locator``.</doc>
<arguments>
<arg>${cart-checkout}</arg>
</arguments>
<msg timestamp="20210311 23:35:05.758" level="INFO">Clicking element 'xpath=//a[@title='Check out']'.</msg>
<status status="PASS" starttime="20210311 23:35:05.757" endtime="20210311 23:35:06.855"></status>
</kw>
<kw name="Wait Until Element Is Visible" library="SeleniumLibrary">
<doc>Waits until the element ``locator`` is visible.</doc>
<arguments>
<arg>${summary-price-product1}</arg>
<arg>15</arg>
</arguments>
<status status="PASS" starttime="20210311 23:35:06.855" endtime="20210311 23:35:06.897"></status>
</kw>
<kw name="Get Text" library="SeleniumLibrary">
<doc>Returns the text value of the element identified by ``locator``.</doc>
<arguments>
<arg>${summary-price-product1}</arg>
</arguments>
<assign>
<var>${product1_price_verify}</var>
</assign>
<msg timestamp="20210311 23:35:06.944" level="INFO">${product1_price_verify} = $30.50</msg>
<status status="PASS" starttime="20210311 23:35:06.898" endtime="20210311 23:35:06.945"></status>
</kw>
<kw name="Should Be Equal" library="BuiltIn">
<doc>Fails if the given objects are unequal.</doc>
<arguments>
<arg>${ürün1_price}</arg>
<arg>${product1_price_verify}</arg>
</arguments>
<status status="PASS" starttime="20210311 23:35:06.945" endtime="20210311 23:35:06.947"></status>
</kw>
<kw name="Get Text" library="SeleniumLibrary">
<doc>Returns the text value of the element identified by ``locator``.</doc>
<arguments>
<arg>${summary-price-product2}</arg>
</arguments>
<assign>
<var>${product2_price_verify}</var>
</assign>
<msg timestamp="20210311 23:35:06.987" level="INFO">${product2_price_verify} = $28.98</msg>
<status status="PASS" starttime="20210311 23:35:06.947" endtime="20210311 23:35:06.987"></status>
</kw>
<kw name="Should Be Equal" library="BuiltIn">
<doc>Fails if the given objects are unequal.</doc>
<arguments>
<arg>${ürün2_price}</arg>
<arg>${product2_price_verify}</arg>
</arguments>
<status status="PASS" starttime="20210311 23:35:06.988" endtime="20210311 23:35:06.988"></status>
</kw>
<kw name="Wait Until Element Is Visible" library="SeleniumLibrary">
<doc>Waits until the element ``locator`` is visible.</doc>
<arguments>
<arg>${proceedtocheckout_all}</arg>
<arg>15</arg>
</arguments>
<status status="PASS" starttime="20210311 23:35:06.988" endtime="20210311 23:35:07.024"></status>
</kw>
<kw name="Click Element" library="SeleniumLibrary">
<doc>Click the element identified by ``locator``.</doc>
<arguments>
<arg>${proceedtocheckout_all}</arg>
</arguments>
<msg timestamp="20210311 23:35:07.025" level="INFO">Clicking element 'xpath=(//a[@title='Proceed to checkout'])[2]'.</msg>
<status status="PASS" starttime="20210311 23:35:07.024" endtime="20210311 23:35:08.474"></status>
</kw>
<status status="PASS" starttime="20210311 23:34:57.455" endtime="20210311 23:35:08.474"></status>
</kw>
<kw name="And Address Selection" library="conf">
<kw name="Click Element" library="SeleniumLibrary">
<doc>Click the element identified by ``locator``.</doc>
<arguments>
<arg>${adress_selection-proceed}</arg>
</arguments>
<msg timestamp="20210311 23:35:08.478" level="INFO">Clicking element 'xpath=//*[@id="center_column"]/form/p/button'.</msg>
<status status="PASS" starttime="20210311 23:35:08.476" endtime="20210311 23:35:10.122"></status>
</kw>
<status status="PASS" starttime="20210311 23:35:08.475" endtime="20210311 23:35:10.123"></status>
</kw>
<kw name="And Shipping Selection" library="conf">
<kw name="Wait Until Element Is Visible" library="SeleniumLibrary">
<doc>Waits until the element ``locator`` is visible.</doc>
<arguments>
<arg>${shipp-agree}</arg>
<arg>10</arg>
</arguments>
<status status="PASS" starttime="20210311 23:35:10.125" endtime="20210311 23:35:10.224"></status>
</kw>
<kw name="Click Element" library="SeleniumLibrary">
<doc>Click the element identified by ``locator``.</doc>
<arguments>
<arg>${shipp-agree}</arg>
</arguments>
<msg timestamp="20210311 23:35:10.225" level="INFO">Clicking element 'xpath=//*[@id="form"]/div/p[2]/label'.</msg>
<status status="PASS" starttime="20210311 23:35:10.224" endtime="20210311 23:35:10.404"></status>
</kw>
<kw name="Wait Until Element Is Visible" library="SeleniumLibrary">
<doc>Waits until the element ``locator`` is visible.</doc>
<arguments>
<arg>${shipp_selection_proceed}</arg>
<arg>10</arg>
</arguments>
<status status="PASS" starttime="20210311 23:35:10.405" endtime="20210311 23:35:10.455"></status>
</kw>
<kw name="Click Element" library="SeleniumLibrary">
<doc>Click the element identified by ``locator``.</doc>
<arguments>
<arg>${shipp_selection_proceed}</arg>
</arguments>
<msg timestamp="20210311 23:35:10.456" level="INFO">Clicking element 'xpath=//*[@id="form"]/p/button'.</msg>
<status status="PASS" starttime="20210311 23:35:10.455" endtime="20210311 23:35:12.417"></status>
</kw>
<status status="PASS" starttime="20210311 23:35:10.123" endtime="20210311 23:35:12.417"></status>
</kw>
<kw name="And Payment Selection" library="conf">
<kw name="Click Element" library="SeleniumLibrary">
<doc>Click the element identified by ``locator``.</doc>
<arguments>
<arg>${hook_payment}</arg>
</arguments>
<msg timestamp="20210311 23:35:12.422" level="INFO">Clicking element 'xpath=//*[@id="HOOK_PAYMENT"]/div[2]/div/p'.</msg>
<status status="PASS" starttime="20210311 23:35:12.420" endtime="20210311 23:35:14.174"></status>
</kw>
<kw name="Wait Until Element Is Visible" library="SeleniumLibrary">
<doc>Waits until the element ``locator`` is visible.</doc>
<arguments>
<arg>${checkpayment-text}</arg>
<arg>10</arg>
</arguments>
<status status="PASS" starttime="20210311 23:35:14.176" endtime="20210311 23:35:14.240"></status>
</kw>
<status status="PASS" starttime="20210311 23:35:12.418" endtime="20210311 23:35:14.240"></status>
</kw>
<kw name="When Click I confirm my order the button" library="conf">
<kw name="Click Element" library="SeleniumLibrary">
<doc>Click the element identified by ``locator``.</doc>
<arguments>
<arg>${IconfirmMyOrderbutton}</arg>
</arguments>
<msg timestamp="20210311 23:35:14.243" level="INFO">Clicking element 'xpath=//*[@id="cart_navigation"]/button'.</msg>
<status status="PASS" starttime="20210311 23:35:14.242" endtime="20210311 23:35:16.246"></status>
</kw>
<kw name="Title Should Be" library="SeleniumLibrary">
<doc>Verifies that the current page title equals ``title``.</doc>
<arguments>
<arg>Order confirmation - My Store</arg>
</arguments>
<msg timestamp="20210311 23:35:16.258" level="INFO">Page title is 'Order confirmation - My Store'.</msg>
<status status="PASS" starttime="20210311 23:35:16.247" endtime="20210311 23:35:16.258"></status>
</kw>
<kw name="Wait Until Element Is Visible" library="SeleniumLibrary">
<doc>Waits until the element ``locator`` is visible.</doc>
<arguments>
<arg>${order-complete}</arg>
<arg>10</arg>
</arguments>
<status status="PASS" starttime="20210311 23:35:16.258" endtime="20210311 23:35:16.326"></status>
</kw>
<status status="PASS" starttime="20210311 23:35:14.241" endtime="20210311 23:35:16.326"></status>
</kw>
<kw name="Then Verify Successful Order &amp; Details" library="conf">
<kw name="Click Element" library="SeleniumLibrary">
<doc>Click the element identified by ``locator``.</doc>
<arguments>
<arg>${username-menulink}</arg>
</arguments>
<msg timestamp="20210311 23:35:16.328" level="INFO">Clicking element 'class=account'.</msg>
<status status="PASS" starttime="20210311 23:35:16.328" endtime="20210311 23:35:17.874"></status>
</kw>
<kw name="Click Element" library="SeleniumLibrary">
<doc>Click the element identified by ``locator``.</doc>
<arguments>
<arg>${OrderhistoryAndDetails}</arg>
</arguments>
<msg timestamp="20210311 23:35:17.875" level="INFO">Clicking element 'class=icon-list-ol'.</msg>
<status status="PASS" starttime="20210311 23:35:17.874" endtime="20210311 23:35:19.943"></status>
</kw>
<kw name="Title Should Be" library="SeleniumLibrary">
<doc>Verifies that the current page title equals ``title``.</doc>
<arguments>
<arg>Order history - My Store</arg>
</arguments>
<msg timestamp="20210311 23:35:19.978" level="INFO">Page title is 'Order history - My Store'.</msg>
<status status="PASS" starttime="20210311 23:35:19.944" endtime="20210311 23:35:19.978"></status>
</kw>
<kw name="Get Text" library="SeleniumLibrary">
<doc>Returns the text value of the element identified by ``locator``.</doc>
<arguments>
<arg>${order_status_element}</arg>
</arguments>
<assign>
<var>${order_status}</var>
</assign>
<msg timestamp="20210311 23:35:20.061" level="INFO">${order_status} = On backorder</msg>
<status status="PASS" starttime="20210311 23:35:19.979" endtime="20210311 23:35:20.061"></status>
</kw>
<kw name="Should Be Equal" library="BuiltIn">
<doc>Fails if the given objects are unequal.</doc>
<arguments>
<arg>${order_status}</arg>
<arg>On backorder</arg>
</arguments>
<status status="PASS" starttime="20210311 23:35:20.062" endtime="20210311 23:35:20.063"></status>
</kw>
<status status="PASS" starttime="20210311 23:35:16.327" endtime="20210311 23:35:20.063"></status>
</kw>
<status status="PASS" starttime="20210311 23:34:54.692" endtime="20210311 23:35:20.064" critical="yes"></status>
</test>
<status status="PASS" starttime="20210311 23:34:29.594" endtime="20210311 23:35:20.066"></status>
</suite>
<statistics>
<total>
<stat pass="2" fail="0">Critical Tests</stat>
<stat pass="2" fail="0">All Tests</stat>
</total>
<tag>
</tag>
<suite>
<stat pass="2" fail="0" id="s1" name="Hepsiburada">Hepsiburada</stat>
</suite>
</statistics>
<errors>
</errors>
</robot>
